[ulti-branch-pipeline_master-ESOPHZRIW2KGYMBREPG52VYFRCTHI26WMY66GZPGBZZU7XFDICDQ] Running shell script
+ sh gitcommit.sh
Path is ${PWD}
fatal: remote origin already exists.
Reinitialized existing Git repository in /var/jenkins_home/workspace/ulti-branch-pipeline_master-ESOPHZRIW2KGYMBREPG52VYFRCTHI26WMY66GZPGBZZU7XFDICDQ/.git/
Cloning into 'heroku-platform'...
Previous HEAD position was 0fb1de6... Update gitcommit.sh
Switched to branch 'master'
Your branch is behind 'origin/master' by 9 commits, and can be fast-forwarded.
  (use "git pull" to update your local branch)
From https://github.com/Aggregator-Tech/heroku-platform
 + 0fb1de6...2543e0a master     -> origin/master  (forced update)
fatal: refusing to merge unrelated histories
[master 3d863f7] my update msg
 2 files changed, 2 insertions(+)
 create mode 160000 heroku-platform
To https://github.com/Aggregator-Tech/heroku-platform
 ! [rejected]        HEAD -> master (non-fast-forward)
error: failed to push some refs to 'https://github.com/Aggregator-Tech/heroku-platform'
hint: Updates were rejected because the tip of your current branch is behind
hint: its remote counterpart. Integrate the remote changes (e.g.
hint: 'git pull ...') before pushing again.
hint: See the 'Note about fast-forwards' in 'git push --help' for details.
