[work-heroku] Running shell script
+ sh ../gitcommit.sh
HEAD detached at 725de35
Changes not staged for commit:
  (use "git add/rm <file>..." to update what will be committed)
  (use "git checkout -- <file>..." to discard changes in working directory)

	deleted:    heroku-platform

Untracked files:
  (use "git add <file>..." to include in what will be committed)

	commitFile
	../work-heroku@tmp/durable-88c5b6d7/

no changes added to commit (use "git add" and/or "git commit -a")
HEAD detached at 725de35
Changes to be committed:
  (use "git reset HEAD <file>..." to unstage)

	new file:   commitFile
	deleted:    heroku-platform
	new file:   ../work-heroku@tmp/durable-88c5b6d7/jenkins-log.txt
	new file:   ../work-heroku@tmp/durable-88c5b6d7/script.sh

[detached HEAD ce08864] my update msg
 4 files changed, 27 insertions(+), 1 deletion(-)
 create mode 100644 work-heroku/commitFile
 delete mode 160000 work-heroku/heroku-platform
 create mode 100644 work-heroku@tmp/durable-88c5b6d7/jenkins-log.txt
 create mode 100755 work-heroku@tmp/durable-88c5b6d7/script.sh
HEAD detached from 725de35
Changes not staged for commit:
  (use "git add <file>..." to update what will be committed)
  (use "git checkout -- <file>..." to discard changes in working directory)

	modified:   ../work-heroku@tmp/durable-88c5b6d7/jenkins-log.txt

no changes added to commit (use "git add" and/or "git commit -a")
fatal: You are not currently on a branch.
To push the history leading to the current (detached HEAD)
state now, use

    git push origin HEAD:<name-of-remote-branch>

HEAD detached from 725de35
Changes not staged for commit:
  (use "git add <file>..." to update what will be committed)
  (use "git checkout -- <file>..." to discard changes in working directory)

	modified:   ../work-heroku@tmp/durable-88c5b6d7/jenkins-log.txt

no changes added to commit (use "git add" and/or "git commit -a")
