[work-heroku] Running shell script
+ sh ../gitcommit.sh
../gitcommit.sh: 3: ../gitcommit.sh: cannot create heroku-platform/commitFile: Directory nonexistent
HEAD detached at 3a265ae
Changes not staged for commit:
  (use "git add/rm <file>..." to update what will be committed)
  (use "git checkout -- <file>..." to discard changes in working directory)

	deleted:    heroku-platform

Untracked files:
  (use "git add <file>..." to include in what will be committed)

	../work-heroku@tmp/durable-15edf8f3/

no changes added to commit (use "git add" and/or "git commit -a")
HEAD detached at 3a265ae
Changes to be committed:
  (use "git reset HEAD <file>..." to unstage)

	deleted:    heroku-platform
	new file:   ../work-heroku@tmp/durable-15edf8f3/jenkins-log.txt
	new file:   ../work-heroku@tmp/durable-15edf8f3/script.sh

[detached HEAD ef87925] my update msg
 3 files changed, 25 insertions(+), 1 deletion(-)
 delete mode 160000 work-heroku/heroku-platform
 create mode 100644 work-heroku@tmp/durable-15edf8f3/jenkins-log.txt
 create mode 100755 work-heroku@tmp/durable-15edf8f3/script.sh
HEAD detached from 3a265ae
Changes not staged for commit:
  (use "git add <file>..." to update what will be committed)
  (use "git checkout -- <file>..." to discard changes in working directory)

	modified:   ../work-heroku@tmp/durable-15edf8f3/jenkins-log.txt

no changes added to commit (use "git add" and/or "git commit -a")
fatal: You are not currently on a branch.
To push the history leading to the current (detached HEAD)
state now, use

    git push origin HEAD:<name-of-remote-branch>

HEAD detached from 3a265ae
Changes not staged for commit:
  (use "git add <file>..." to update what will be committed)
  (use "git checkout -- <file>..." to discard changes in working directory)

	modified:   ../work-heroku@tmp/durable-15edf8f3/jenkins-log.txt

no changes added to commit (use "git add" and/or "git commit -a")
