[ulti-branch-pipeline_master-ESOPHZRIW2KGYMBREPG52VYFRCTHI26WMY66GZPGBZZU7XFDICDQ] Running shell script
+ sh gitcommit.sh
Path is  ${PWD}
fatal: remote origin already exists.
Reinitialized existing Git repository in /var/jenkins_home/workspace/ulti-branch-pipeline_master-ESOPHZRIW2KGYMBREPG52VYFRCTHI26WMY66GZPGBZZU7XFDICDQ/.git/
Cloning into 'heroku-platform'...
Switched to a new branch 'master'
M	.circleci/config.yml
M	.gitignore
M	Jenkinsfile
M	README.md
M	build.gradle
M	commitFile
M	common/src/main/java/common/io/file/FileSystemHelper.java
M	common/src/test/groovy/common/io/file/FileSystemHelperSpec.groovy
M	gradle/wrapper/gradle-wrapper.jar
M	gradle/wrapper/gradle-wrapper.properties
M	gradlew.bat
M	moduleTemplate/src/main/java/packageTemplate/ClassTemplate.java
M	moduleTemplate/src/test/groovy/packageTemplate/ClassTemplateTest.groovy
D	platform
M	settings.gradle
M	webTemplate/Dockerfile
M	webTemplate/build.gradle
M	webTemplate/src/integration-test/groovy/webTemplate/resource/AboutTest.groovy
M	webTemplate/src/integration-test/java/test
M	webTemplate/src/main/java/webTemplate/resource/About.java
M	webTemplate/src/main/java/webTemplate/service/Server.java
M	webTemplate/src/test/groovy/webTemplate/service/ServerTest.groovy
Branch master set up to track remote branch master from origin.
warning: no common commits
From https://github.com/Aggregator-Tech/heroku-platform
 + 966d66d...2543e0a master     -> origin/master  (forced update)
fatal: refusing to merge unrelated histories
[master 6b8ca09] my update msg
 23 files changed, 1 insertion(+), 1 deletion(-)
 mode change 100644 => 100755 .circleci/config.yml
 mode change 100644 => 100755 .gitignore
 mode change 100644 => 100755 Jenkinsfile
 mode change 100644 => 100755 README.md
 mode change 100644 => 100755 build.gradle
 mode change 100644 => 100755 commitFile
 mode change 100644 => 100755 common/src/main/java/common/io/file/FileSystemHelper.java
 mode change 100644 => 100755 common/src/test/groovy/common/io/file/FileSystemHelperSpec.groovy
 mode change 100644 => 100755 gradle/wrapper/gradle-wrapper.jar
 mode change 100644 => 100755 gradle/wrapper/gradle-wrapper.properties
 mode change 100644 => 100755 gradlew.bat
 create mode 160000 heroku-platform
 mode change 100644 => 100755 moduleTemplate/src/main/java/packageTemplate/ClassTemplate.java
 mode change 100644 => 100755 moduleTemplate/src/test/groovy/packageTemplate/ClassTemplateTest.groovy
 delete mode 160000 platform
 mode change 100644 => 100755 settings.gradle
 mode change 100644 => 100755 webTemplate/Dockerfile
 mode change 100644 => 100755 webTemplate/build.gradle
 mode change 100644 => 100755 webTemplate/src/integration-test/groovy/webTemplate/resource/AboutTest.groovy
 mode change 100644 => 100755 webTemplate/src/integration-test/java/test
 mode change 100644 => 100755 webTemplate/src/main/java/webTemplate/resource/About.java
 mode change 100644 => 100755 webTemplate/src/main/java/webTemplate/service/Server.java
 mode change 100644 => 100755 webTemplate/src/test/groovy/webTemplate/service/ServerTest.groovy
To https://github.com/Aggregator-Tech/heroku-platform
 ! [rejected]        HEAD -> master (non-fast-forward)
error: failed to push some refs to 'https://github.com/Aggregator-Tech/heroku-platform'
hint: Updates were rejected because the tip of your current branch is behind
hint: its remote counterpart. Integrate the remote changes (e.g.
hint: 'git pull ...') before pushing again.
hint: See the 'Note about fast-forwards' in 'git push --help' for details.
