[heroku-platform] Running shell script
+ sh ../gitcommit.sh
HEAD detached at 620de66
Changes not staged for commit:
  (use "git add <file>..." to update what will be committed)
  (use "git checkout -- <file>..." to discard changes in working directory)

	modified:   ../work-heroku/heroku-platform (new commits)

Untracked files:
  (use "git add <file>..." to include in what will be committed)

	./
	../heroku-platform@tmp/

no changes added to commit (use "git add" and/or "git commit -a")
HEAD detached at 620de66
Changes to be committed:
  (use "git reset HEAD <file>..." to unstage)

	new file:   commitFile
	new file:   ../heroku-platform@tmp/durable-b35fc208/jenkins-log.txt
	new file:   ../heroku-platform@tmp/durable-b35fc208/script.sh
	modified:   ../work-heroku/heroku-platform

[detached HEAD 3ecbb2e] my update msg
 4 files changed, 28 insertions(+), 1 deletion(-)
 create mode 100644 heroku-platform/commitFile
 create mode 100644 heroku-platform@tmp/durable-b35fc208/jenkins-log.txt
 create mode 100755 heroku-platform@tmp/durable-b35fc208/script.sh
HEAD detached from 620de66
Changes not staged for commit:
  (use "git add <file>..." to update what will be committed)
  (use "git checkout -- <file>..." to discard changes in working directory)

	modified:   ../heroku-platform@tmp/durable-b35fc208/jenkins-log.txt

no changes added to commit (use "git add" and/or "git commit -a")
fatal: You are not currently on a branch.
To push the history leading to the current (detached HEAD)
state now, use

    git push origin HEAD:<name-of-remote-branch>

HEAD detached from 620de66
Changes not staged for commit:
  (use "git add <file>..." to update what will be committed)
  (use "git checkout -- <file>..." to discard changes in working directory)

	modified:   ../heroku-platform@tmp/durable-b35fc208/jenkins-log.txt

no changes added to commit (use "git add" and/or "git commit -a")
