[heroku-platform] Running shell script
+ sh ../../gitcommit.sh
On branch master
Your branch is up-to-date with 'origin/master'.
Changes not staged for commit:
  (use "git add <file>..." to update what will be committed)
  (use "git checkout -- <file>..." to discard changes in working directory)

	modified:   commitFile

no changes added to commit (use "git add" and/or "git commit -a")
On branch master
Your branch is up-to-date with 'origin/master'.
Changes to be committed:
  (use "git reset HEAD <file>..." to unstage)

	modified:   commitFile

[master dc71447] my update msg
 1 file changed, 1 insertion(+)
On branch master
Your branch is ahead of 'origin/master' by 1 commit.
  (use "git push" to publish your local commits)
nothing to commit, working tree clean
To https://github.com/Aggregator-Tech/heroku-platform
   779b10a..dc71447  master -> master
On branch master
Your branch is up-to-date with 'origin/master'.
nothing to commit, working tree clean
