ERROR: Execution failed
hudson.AbortException: Fail: the returned code 503 is not in the accepted range: [[100‥399]]
	at jenkins.plugins.http_request.HttpRequestExecution.responseCodeIsValid(HttpRequestExecution.java:306)
	at jenkins.plugins.http_request.HttpRequestExecution.processResponse(HttpRequestExecution.java:316)
	at jenkins.plugins.http_request.HttpRequestExecution.authAndRequest(HttpRequestExecution.java:232)
	at jenkins.plugins.http_request.HttpRequestExecution.call(HttpRequestExecution.java:195)
Caused: java.lang.IllegalStateException
	at jenkins.plugins.http_request.HttpRequestExecution.call(HttpRequestExecution.java:198)
	at jenkins.plugins.http_request.HttpRequestExecution.call(HttpRequestExecution.java:67)
	at hudson.remoting.LocalChannel.call(LocalChannel.java:45)
	at jenkins.plugins.http_request.HttpRequestStep$Execution.run(HttpRequestStep.java:303)
	at jenkins.plugins.http_request.HttpRequestStep$Execution.run(HttpRequestStep.java:285)
	at org.jenkinsci.plugins.workflow.steps.AbstractSynchronousNonBlockingStepExecution$1$1.call(AbstractSynchronousNonBlockingStepExecution.java:47)
	at hudson.security.ACL.impersonate(ACL.java:290)
	at org.jenkinsci.plugins.workflow.steps.AbstractSynchronousNonBlockingStepExecution$1.run(AbstractSynchronousNonBlockingStepExecution.java:44)
	at java.util.concurrent.Executors$RunnableAdapter.call(Executors.java:511)
	at java.util.concurrent.FutureTask.run(FutureTask.java:266)
	at java.util.concurrent.ThreadPoolExecutor.runWorker(ThreadPoolExecutor.java:1149)
	at java.util.concurrent.ThreadPoolExecutor$Worker.run(ThreadPoolExecutor.java:624)
	at java.lang.Thread.run(Thread.java:748)
Retrying
