[ulti-branch-pipeline_master-ESOPHZRIW2KGYMBREPG52VYFRCTHI26WMY66GZPGBZZU7XFDICDQ] Running shell script
+ ./gradlew build
Starting a Gradle Daemon (subsequent builds will be faster)
:common:compileJava
:common:compileGroovy NO-SOURCE
:common:processResources NO-SOURCE
:common:classes
:common:jar
:common:assemble
:common:compileTestJava NO-SOURCE
:common:compileTestGroovy
:common:processTestResources NO-SOURCE
:common:testClasses
:common:test
:common:check
:common:build
:moduleTemplate:compileJava
:moduleTemplate:compileGroovy NO-SOURCE
:moduleTemplate:processResources NO-SOURCE
:moduleTemplate:classes
:moduleTemplate:jar
:moduleTemplate:assemble
:moduleTemplate:compileTestJava NO-SOURCE
:moduleTemplate:compileTestGroovy
:moduleTemplate:processTestResources NO-SOURCE
:moduleTemplate:testClasses
:moduleTemplate:test
:moduleTemplate:check
:moduleTemplate:build
:webTemplate:compileJava
:webTemplate:compileGroovy NO-SOURCE
:webTemplate:processResources NO-SOURCE
:webTemplate:classes
:webTemplate:jar
:webTemplate:startScripts
:webTemplate:distTar
:webTemplate:distZip
:webTemplate:assemble
:webTemplate:compileTestJava NO-SOURCE
:webTemplate:compileTestGroovy
:webTemplate:processTestResources NO-SOURCE
:webTemplate:testClasses
:webTemplate:test
:webTemplate:check
:webTemplate:build

BUILD SUCCESSFUL in 16s
15 actionable tasks: 15 executed
