[ulti-branch-pipeline_master-ESOPHZRIW2KGYMBREPG52VYFRCTHI26WMY66GZPGBZZU7XFDICDQ] Running shell script
+ sh gitcommit.sh
fatal: destination path 'heroku-platform' already exists and is not an empty directory.
Path is ${PWD}
fatal: destination path 'heroku-platform' already exists and is not an empty directory.
fatal: remote origin already exists.
warning: no common commits
From https://github.com/Aggregator-Tech/heroku-platform
 + 0e13a80...2543e0a master     -> origin/master  (forced update)
You are not currently on a branch.
Please specify which branch you want to merge with.
See git-pull(1) for details.

    git pull <remote> <branch>

[detached HEAD b067add] my update msg
 2 files changed, 2 insertions(+)
 create mode 160000 heroku-platform
fatal: You are not currently on a branch.
To push the history leading to the current (detached HEAD)
state now, use

    git push origin HEAD:<name-of-remote-branch>

