[ulti-branch-pipeline_master-ESOPHZRIW2KGYMBREPG52VYFRCTHI26WMY66GZPGBZZU7XFDICDQ] Running shell script
+ sh gitcommit.sh
Path is  ${PWD}
gitcommit.sh: 9: cd: can't cd to heroku-platform
fatal: remote origin already exists.
Reinitialized existing Git repository in /var/jenkins_home/workspace/ulti-branch-pipeline_master-ESOPHZRIW2KGYMBREPG52VYFRCTHI26WMY66GZPGBZZU7XFDICDQ/.git/
Cloning into 'heroku-platform'...
Previous HEAD position was bba4a7d... Update gitcommit.sh
Switched to branch 'master'
Your branch and 'origin/master' have diverged,
and have 1 and 1 different commits each, respectively.
  (use "git pull" to merge the remote branch into yours)
From https://github.com/Aggregator-Tech/heroku-platform
 + bba4a7d...2543e0a master     -> origin/master  (forced update)
fatal: refusing to merge unrelated histories
On branch master
Your branch and 'origin/master' have diverged,
and have 187 and 6 different commits each, respectively.
  (use "git pull" to merge the remote branch into yours)
Changes not staged for commit:
	modified:   heroku-platform (untracked content)

no changes added to commit
To https://github.com/Aggregator-Tech/heroku-platform
 ! [rejected]        HEAD -> master (non-fast-forward)
error: failed to push some refs to 'https://github.com/Aggregator-Tech/heroku-platform'
hint: Updates were rejected because the tip of your current branch is behind
hint: its remote counterpart. Integrate the remote changes (e.g.
hint: 'git pull ...') before pushing again.
hint: See the 'Note about fast-forwards' in 'git push --help' for details.
