[ulti-branch-pipeline_master-ESOPHZRIW2KGYMBREPG52VYFRCTHI26WMY66GZPGBZZU7XFDICDQ] Running shell script
+ ./gradlew build
Starting a Gradle Daemon (subsequent builds will be faster)
:common:compileJava UP-TO-DATE
:common:compileGroovy NO-SOURCE
:common:processResources NO-SOURCE
:common:classes UP-TO-DATE
:common:jar UP-TO-DATE
:common:assemble UP-TO-DATE
:common:compileTestJava NO-SOURCE
:common:compileTestGroovy UP-TO-DATE
:common:processTestResources NO-SOURCE
:common:testClasses UP-TO-DATE
:common:test UP-TO-DATE
:common:check UP-TO-DATE
:common:build UP-TO-DATE
:moduleTemplate:compileJava UP-TO-DATE
:moduleTemplate:compileGroovy NO-SOURCE
:moduleTemplate:processResources NO-SOURCE
:moduleTemplate:classes UP-TO-DATE
:moduleTemplate:jar UP-TO-DATE
:moduleTemplate:assemble UP-TO-DATE
:moduleTemplate:compileTestJava NO-SOURCE
:moduleTemplate:compileTestGroovy UP-TO-DATE
:moduleTemplate:processTestResources NO-SOURCE
:moduleTemplate:testClasses UP-TO-DATE
:moduleTemplate:test UP-TO-DATE
:moduleTemplate:check UP-TO-DATE
:moduleTemplate:build UP-TO-DATE
:webTemplate:compileJava
:webTemplate:compileGroovy NO-SOURCE
:webTemplate:processResources NO-SOURCE
:webTemplate:classes
:webTemplate:jar
:webTemplate:startScripts UP-TO-DATE
:webTemplate:distTar
:webTemplate:distZip
:webTemplate:assemble
:webTemplate:compileTestJava NO-SOURCE
:webTemplate:compileTestGroovy
:webTemplate:processTestResources NO-SOURCE
:webTemplate:testClasses
:webTemplate:test
:webTemplate:check
:webTemplate:build

BUILD SUCCESSFUL in 10s
15 actionable tasks: 6 executed, 9 up-to-date
