[ulti-branch-pipeline_master-ESOPHZRIW2KGYMBREPG52VYFRCTHI26WMY66GZPGBZZU7XFDICDQ] Running shell script
+ sh gitcommit.sh
Path is ${PWD}
fatal: remote origin already exists.
Reinitialized existing Git repository in /var/jenkins_home/workspace/ulti-branch-pipeline_master-ESOPHZRIW2KGYMBREPG52VYFRCTHI26WMY66GZPGBZZU7XFDICDQ/.git/
Cloning into 'heroku-platform'...
From https://github.com/Aggregator-Tech/heroku-platform
 + 4db8a54...2543e0a master     -> origin/master  (forced update)
You are not currently on a branch.
Please specify which branch you want to merge with.
See git-pull(1) for details.

    git pull <remote> <branch>

[detached HEAD f202604] my update msg
 2 files changed, 2 insertions(+)
 create mode 160000 heroku-platform
To https://github.com/Aggregator-Tech/heroku-platform
 ! [rejected]        HEAD -> master (non-fast-forward)
error: failed to push some refs to 'https://github.com/Aggregator-Tech/heroku-platform'
hint: Updates were rejected because a pushed branch tip is behind its remote
hint: counterpart. Check out this branch and integrate the remote changes
hint: (e.g. 'git pull ...') before pushing again.
hint: See the 'Note about fast-forwards' in 'git push --help' for details.
